# JRE version: OpenJDK Runtime Environment Temurin-21.0.10+7 (21.0.10+7) (build 21.0.10+7-LTS)
# Java VM: OpenJDK 64-Bit Server VM Temurin-21.0.10+7 (21.0.10+7-LTS, mixed mode, sharing, tiered, compressed oops, compressed class ptrs, parallel gc, windows-amd64)
GC Precious Log:
 CardTable entry size: 512
 CPUs: 8 total, 8 available
 Memory: 8039M
 Large Page Support: Disabled
 NUMA Support: Disabled
 Compressed Oops: Enabled (32-bit)
 Alignments: Space 512K, Generation 512K, Heap 2M
 Heap Min Capacity: 100M
 Heap Initial Capacity: 100M
 Heap Max Capacity: 2G
 Pre-touch: Disabled
 Parallel Workers: 8
Heap:
 PSYoungGen      total 5632K, used 686K [0x00000000d5580000, 0x00000000d5c80000, 0x0000000100000000)
  eden space 5120K, 3% used [0x00000000d5580000,0x00000000d55ab878,0x00000000d5a80000)
  from space 512K, 100% used [0x00000000d5b00000,0x00000000d5b80000,0x00000000d5b80000)
  to   space 1024K, 0% used [0x00000000d5b80000,0x00000000d5b80000,0x00000000d5c80000)
 ParOldGen       total 216576K, used 216327K [0x0000000080000000, 0x000000008d380000, 0x00000000d5580000)
  object space 216576K, 99% used [0x0000000080000000,0x000000008d341f30,0x000000008d380000)
 Metaspace       used 32038K, committed 33152K, reserved 1114112K
  class space    used 2708K, committed 3200K, reserved 1048576K
GC Heap History (20 events):
Event: 64.523 GC heap before
{Heap before GC invocations=415 (full 1):
 PSYoungGen      total 5632K, used 5344K [0x00000000d5580000, 0x00000000d5d00000, 0x0000000100000000)
  eden space 5120K, 100% used [0x00000000d5580000,0x00000000d5a80000,0x00000000d5a80000)
  from space 512K, 43% used [0x00000000d5c00000,0x00000000d5c38000,0x00000000d5c80000)
  to   space 512K, 0% used [0x00000000d5c80000,0x00000000d5c80000,0x00000000d5d00000)
 ParOldGen       total 213504K, used 213198K [0x0000000080000000, 0x000000008d080000, 0x00000000d5580000)
  object space 213504K, 99% used [0x0000000080000000,0x000000008d033950,0x000000008d080000)
 Metaspace       used 31679K, committed 32768K, reserved 1114112K
  class space    used 2683K, committed 3136K, reserved 1048576K
}
Event: 64.524 GC heap after
{Heap after GC invocations=415 (full 1):
 PSYoungGen      total 5632K, used 344K [0x00000000d5580000, 0x00000000d5d00000, 0x0000000100000000)
  eden space 5120K, 0% used [0x00000000d5580000,0x00000000d5580000,0x00000000d5a80000)
  from space 512K, 67% used [0x00000000d5c80000,0x00000000d5cd6308,0x00000000d5d00000)
  to   space 512K, 0% used [0x00000000d5c00000,0x00000000d5c00000,0x00000000d5c80000)
 ParOldGen       total 213504K, used 213347K [0x0000000080000000, 0x000000008d080000, 0x00000000d5580000)
  object space 213504K, 99% used [0x0000000080000000,0x000000008d058c30,0x000000008d080000)
 Metaspace       used 31679K, committed 32768K, reserved 1114112K
  class space    used 2683K, committed 3136K, reserved 1048576K
}
Event: 64.535 GC heap before
{Heap before GC invocations=416 (full 1):
 PSYoungGen      total 5632K, used 5464K [0x00000000d5580000, 0x00000000d5d00000, 0x0000000100000000)
  eden space 5120K, 100% used [0x00000000d5580000,0x00000000d5a80000,0x00000000d5a80000)
  from space 512K, 67% used [0x00000000d5c80000,0x00000000d5cd6308,0x00000000d5d00000)
  to   space 512K, 0% used [0x00000000d5c00000,0x00000000d5c00000,0x00000000d5c80000)
 ParOldGen       total 213504K, used 213347K [0x0000000080000000, 0x000000008d080000, 0x00000000d5580000)
  object space 213504K, 99% used [0x0000000080000000,0x000000008d058c30,0x000000008d080000)
 Metaspace       used 31683K, committed 32768K, reserved 1114112K
  class space    used 2683K, committed 3136K, reserved 1048576K
}
Event: 64.537 GC heap after
{Heap after GC invocations=416 (full 1):
 PSYoungGen      total 5632K, used 434K [0x00000000d5580000, 0x00000000d5d00000, 0x0000000100000000)
  eden space 5120K, 0% used [0x00000000d5580000,0x00000000d5580000,0x00000000d5a80000)
  from space 512K, 84% used [0x00000000d5c00000,0x00000000d5c6c940,0x00000000d5c80000)
  to   space 512K, 0% used [0x00000000d5c80000,0x00000000d5c80000,0x00000000d5d00000)
 ParOldGen       total 214016K, used 213575K [0x0000000080000000, 0x000000008d100000, 0x00000000d5580000)
  object space 214016K, 99% used [0x0000000080000000,0x000000008d091f20,0x000000008d100000)
 Metaspace       used 31683K, committed 32768K, reserved 1114112K
  class space    used 2683K, committed 3136K, reserved 1048576K
}
Event: 64.547 GC heap before
{Heap before GC invocations=417 (full 1):
 PSYoungGen      total 5632K, used 5554K [0x00000000d5580000, 0x00000000d5d00000, 0x0000000100000000)
  eden space 5120K, 100% used [0x00000000d5580000,0x00000000d5a80000,0x00000000d5a80000)
  from space 512K, 84% used [0x00000000d5c00000,0x00000000d5c6c940,0x00000000d5c80000)
  to   space 512K, 0% used [0x00000000d5c80000,0x00000000d5c80000,0x00000000d5d00000)
 ParOldGen       total 214016K, used 213575K [0x0000000080000000, 0x000000008d100000, 0x00000000d5580000)
  object space 214016K, 99% used [0x0000000080000000,0x000000008d091f20,0x000000008d100000)
 Metaspace       used 31685K, committed 32768K, reserved 1114112K
  class space    used 2684K, committed 3136K, reserved 1048576K
}
Event: 64.549 GC heap after
{Heap after GC invocations=417 (full 1):
 PSYoungGen      total 5632K, used 275K [0x00000000d5580000, 0x00000000d5d00000, 0x0000000100000000)
  eden space 5120K, 0% used [0x00000000d5580000,0x00000000d5580000,0x00000000d5a80000)
  from space 512K, 53% used [0x00000000d5c80000,0x00000000d5cc4fd0,0x00000000d5d00000)
  to   space 512K, 0% used [0x00000000d5c00000,0x00000000d5c00000,0x00000000d5c80000)
 ParOldGen       total 214016K, used 213773K [0x0000000080000000, 0x000000008d100000, 0x00000000d5580000)
  object space 214016K, 99% used [0x0000000080000000,0x000000008d0c3690,0x000000008d100000)
 Metaspace       used 31685K, committed 32768K, reserved 1114112K
  class space    used 2684K, committed 3136K, reserved 1048576K
}
Event: 64.566 GC heap before
{Heap before GC invocations=418 (full 1):
 PSYoungGen      total 5632K, used 5395K [0x00000000d5580000, 0x00000000d5d00000, 0x0000000100000000)
  eden space 5120K, 99% used [0x00000000d5580000,0x00000000d5a7fcb8,0x00000000d5a80000)
  from space 512K, 53% used [0x00000000d5c80000,0x00000000d5cc4fd0,0x00000000d5d00000)
  to   space 512K, 0% used [0x00000000d5c00000,0x00000000d5c00000,0x00000000d5c80000)
 ParOldGen       total 214016K, used 213773K [0x0000000080000000, 0x000000008d100000, 0x00000000d5580000)
  object space 214016K, 99% used [0x0000000080000000,0x000000008d0c3690,0x000000008d100000)
 Metaspace       used 31685K, committed 32768K, reserved 1114112K
  class space    used 2684K, committed 3136K, reserved 1048576K
}
Event: 64.567 GC heap after
{Heap after GC invocations=418 (full 1):
 PSYoungGen      total 5632K, used 355K [0x00000000d5580000, 0x00000000d5d00000, 0x0000000100000000)
  eden space 5120K, 0% used [0x00000000d5580000,0x00000000d5580000,0x00000000d5a80000)
  from space 512K, 69% used [0x00000000d5c00000,0x00000000d5c58db0,0x00000000d5c80000)
  to   space 512K, 0% used [0x00000000d5c80000,0x00000000d5c80000,0x00000000d5d00000)
 ParOldGen       total 214016K, used 213974K [0x0000000080000000, 0x000000008d100000, 0x00000000d5580000)
  object space 214016K, 99% used [0x0000000080000000,0x000000008d0f5838,0x000000008d100000)
 Metaspace       used 31685K, committed 32768K, reserved 1114112K
  class space    used 2684K, committed 3136K, reserved 1048576K
}
Event: 64.581 GC heap before
{Heap before GC invocations=419 (full 1):
 PSYoungGen      total 5632K, used 5475K [0x00000000d5580000, 0x00000000d5d00000, 0x0000000100000000)
  eden space 5120K, 100% used [0x00000000d5580000,0x00000000d5a80000,0x00000000d5a80000)
  from space 512K, 69% used [0x00000000d5c00000,0x00000000d5c58db0,0x00000000d5c80000)
  to   space 512K, 0% used [0x00000000d5c80000,0x00000000d5c80000,0x00000000d5d00000)
 ParOldGen       total 214016K, used 213974K [0x0000000080000000, 0x000000008d100000, 0x00000000d5580000)
  object space 214016K, 99% used [0x0000000080000000,0x000000008d0f5838,0x000000008d100000)
 Metaspace       used 31686K, committed 32768K, reserved 1114112K
  class space    used 2684K, committed 3136K, reserved 1048576K
}
Event: 64.582 GC heap after
{Heap after GC invocations=419 (full 1):
 PSYoungGen      total 5632K, used 341K [0x00000000d5580000, 0x00000000d5d00000, 0x0000000100000000)
  eden space 5120K, 0% used [0x00000000d5580000,0x00000000d5580000,0x00000000d5a80000)
  from space 512K, 66% used [0x00000000d5c80000,0x00000000d5cd54f0,0x00000000d5d00000)
  to   space 512K, 0% used [0x00000000d5c00000,0x00000000d5c00000,0x00000000d5c80000)
 ParOldGen       total 214528K, used 214226K [0x0000000080000000, 0x000000008d180000, 0x00000000d5580000)
  object space 214528K, 99% used [0x0000000080000000,0x000000008d134978,0x000000008d180000)
 Metaspace       used 31686K, committed 32768K, reserved 1114112K
  class space    used 2684K, committed 3136K, reserved 1048576K
}
Event: 64.588 GC heap before
{Heap before GC invocations=420 (full 1):
 PSYoungGen      total 5632K, used 5461K [0x00000000d5580000, 0x00000000d5d00000, 0x0000000100000000)
  eden space 5120K, 100% used [0x00000000d5580000,0x00000000d5a80000,0x00000000d5a80000)
  from space 512K, 66% used [0x00000000d5c80000,0x00000000d5cd54f0,0x00000000d5d00000)
  to   space 512K, 0% used [0x00000000d5c00000,0x00000000d5c00000,0x00000000d5c80000)
 ParOldGen       total 214528K, used 214226K [0x0000000080000000, 0x000000008d180000, 0x00000000d5580000)
  object space 214528K, 99% used [0x0000000080000000,0x000000008d134978,0x000000008d180000)
 Metaspace       used 31686K, committed 32768K, reserved 1114112K
  class space    used 2684K, committed 3136K, reserved 1048576K
}
Event: 64.589 GC heap after
{Heap after GC invocations=420 (full 1):
 PSYoungGen      total 5632K, used 224K [0x00000000d5580000, 0x00000000d5d00000, 0x0000000100000000)
  eden space 5120K, 0% used [0x00000000d5580000,0x00000000d5580000,0x00000000d5a80000)
  from space 512K, 43% used [0x00000000d5c00000,0x00000000d5c38000,0x00000000d5c80000)
  to   space 512K, 0% used [0x00000000d5c80000,0x00000000d5c80000,0x00000000d5d00000)
 ParOldGen       total 214528K, used 214455K [0x0000000080000000, 0x000000008d180000, 0x00000000d5580000)
  object space 214528K, 99% used [0x0000000080000000,0x000000008d16dcd8,0x000000008d180000)
 Metaspace       used 31686K, committed 32768K, reserved 1114112K
  class space    used 2684K, committed 3136K, reserved 1048576K
}
Event: 64.600 GC heap before
{Heap before GC invocations=421 (full 1):
 PSYoungGen      total 5632K, used 5344K [0x00000000d5580000, 0x00000000d5d00000, 0x0000000100000000)
  eden space 5120K, 100% used [0x00000000d5580000,0x00000000d5a80000,0x00000000d5a80000)
  from space 512K, 43% used [0x00000000d5c00000,0x00000000d5c38000,0x00000000d5c80000)
  to   space 512K, 0% used [0x00000000d5c80000,0x00000000d5c80000,0x00000000d5d00000)
 ParOldGen       total 214528K, used 214455K [0x0000000080000000, 0x000000008d180000, 0x00000000d5580000)
  object space 214528K, 99% used [0x0000000080000000,0x000000008d16dcd8,0x000000008d180000)
 Metaspace       used 31686K, committed 32768K, reserved 1114112K
  class space    used 2684K, committed 3136K, reserved 1048576K
}
Event: 64.601 GC heap after
{Heap after GC invocations=421 (full 1):
 PSYoungGen      total 5632K, used 493K [0x00000000d5580000, 0x00000000d5d00000, 0x0000000100000000)
  eden space 5120K, 0% used [0x00000000d5580000,0x00000000d5580000,0x00000000d5a80000)
  from space 512K, 96% used [0x00000000d5c80000,0x00000000d5cfb7b0,0x00000000d5d00000)
  to   space 1024K, 0% used [0x00000000d5b00000,0x00000000d5b00000,0x00000000d5c00000)
 ParOldGen       total 215040K, used 214583K [0x0000000080000000, 0x000000008d200000, 0x00000000d5580000)
  object space 215040K, 99% used [0x0000000080000000,0x000000008d18dcd8,0x000000008d200000)
 Metaspace       used 31686K, committed 32768K, reserved 1114112K
  class space    used 2684K, committed 3136K, reserved 1048576K
}
Event: 64.626 GC heap before
{Heap before GC invocations=422 (full 1):
 PSYoungGen      total 5632K, used 5613K [0x00000000d5580000, 0x00000000d5d00000, 0x0000000100000000)
  eden space 5120K, 100% used [0x00000000d5580000,0x00000000d5a80000,0x00000000d5a80000)
  from space 512K, 96% used [0x00000000d5c80000,0x00000000d5cfb7b0,0x00000000d5d00000)
  to   space 1024K, 0% used [0x00000000d5b00000,0x00000000d5b00000,0x00000000d5c00000)
 ParOldGen       total 215040K, used 214583K [0x0000000080000000, 0x000000008d200000, 0x00000000d5580000)
  object space 215040K, 99% used [0x0000000080000000,0x000000008d18dcd8,0x000000008d200000)
 Metaspace       used 31748K, committed 32832K, reserved 1114112K
  class space    used 2697K, committed 3136K, reserved 1048576K
}
Event: 64.628 GC heap after
{Heap after GC invocations=422 (full 1):
 PSYoungGen      total 6144K, used 816K [0x00000000d5580000, 0x00000000d5d00000, 0x0000000100000000)
  eden space 5120K, 0% used [0x00000000d5580000,0x00000000d5580000,0x00000000d5a80000)
  from space 1024K, 79% used [0x00000000d5b00000,0x00000000d5bcc010,0x00000000d5c00000)
  to   space 1024K, 0% used [0x00000000d5c00000,0x00000000d5c00000,0x00000000d5d00000)
 ParOldGen       total 215040K, used 214917K [0x0000000080000000, 0x000000008d200000, 0x00000000d5580000)
  object space 215040K, 99% used [0x0000000080000000,0x000000008d1e1540,0x000000008d200000)
 Metaspace       used 31748K, committed 32832K, reserved 1114112K
  class space    used 2697K, committed 3136K, reserved 1048576K
}
Event: 64.656 GC heap before
{Heap before GC invocations=423 (full 1):
 PSYoungGen      total 6144K, used 5936K [0x00000000d5580000, 0x00000000d5d00000, 0x0000000100000000)
  eden space 5120K, 100% used [0x00000000d5580000,0x00000000d5a80000,0x00000000d5a80000)
  from space 1024K, 79% used [0x00000000d5b00000,0x00000000d5bcc010,0x00000000d5c00000)
  to   space 1024K, 0% used [0x00000000d5c00000,0x00000000d5c00000,0x00000000d5d00000)
 ParOldGen       total 215040K, used 214917K [0x0000000080000000, 0x000000008d200000, 0x00000000d5580000)
  object space 215040K, 99% used [0x0000000080000000,0x000000008d1e1540,0x000000008d200000)
 Metaspace       used 31792K, committed 32896K, reserved 1114112K
  class space    used 2697K, committed 3136K, reserved 1048576K
}
Event: 64.657 GC heap after
{Heap after GC invocations=423 (full 1):
 PSYoungGen      total 6144K, used 868K [0x00000000d5580000, 0x00000000d5d00000, 0x0000000100000000)
  eden space 5120K, 0% used [0x00000000d5580000,0x00000000d5580000,0x00000000d5a80000)
  from space 1024K, 84% used [0x00000000d5c00000,0x00000000d5cd9210,0x00000000d5d00000)
  to   space 1024K, 0% used [0x00000000d5b00000,0x00000000d5b00000,0x00000000d5c00000)
 ParOldGen       total 216064K, used 215597K [0x0000000080000000, 0x000000008d300000, 0x00000000d5580000)
  object space 216064K, 99% used [0x0000000080000000,0x000000008d28b580,0x000000008d300000)
 Metaspace       used 31792K, committed 32896K, reserved 1114112K
  class space    used 2697K, committed 3136K, reserved 1048576K
}
Event: 1342.710 GC heap before
{Heap before GC invocations=424 (full 1):
 PSYoungGen      total 6144K, used 5988K [0x00000000d5580000, 0x00000000d5d00000, 0x0000000100000000)
  eden space 5120K, 100% used [0x00000000d5580000,0x00000000d5a80000,0x00000000d5a80000)
  from space 1024K, 84% used [0x00000000d5c00000,0x00000000d5cd9210,0x00000000d5d00000)
  to   space 1024K, 0% used [0x00000000d5b00000,0x00000000d5b00000,0x00000000d5c00000)
 ParOldGen       total 216064K, used 215597K [0x0000000080000000, 0x000000008d300000, 0x00000000d5580000)
  object space 216064K, 99% used [0x0000000080000000,0x000000008d28b580,0x000000008d300000)
 Metaspace       used 32008K, committed 33152K, reserved 1114112K
  class space    used 2708K, committed 3200K, reserved 1048576K
}
Event: 1342.783 GC heap after
{Heap after GC invocations=424 (full 1):
 PSYoungGen      total 5632K, used 512K [0x00000000d5580000, 0x00000000d5c80000, 0x0000000100000000)
  eden space 5120K, 0% used [0x00000000d5580000,0x00000000d5580000,0x00000000d5a80000)
  from space 512K, 100% used [0x00000000d5b00000,0x00000000d5b80000,0x00000000d5b80000)
  to   space 1024K, 0% used [0x00000000d5b80000,0x00000000d5b80000,0x00000000d5c80000)
 ParOldGen       total 216576K, used 216327K [0x0000000080000000, 0x000000008d380000, 0x00000000d5580000)
  object space 216576K, 99% used [0x0000000080000000,0x000000008d341f30,0x000000008d380000)
 Metaspace       used 32008K, committed 33152K, reserved 1114112K
  class space    used 2708K, committed 3200K, reserved 1048576K
}

