# JRE version: OpenJDK Runtime Environment Temurin-21.0.9+10 (21.0.9+10) (build 21.0.9+10-LTS)
# Java VM: OpenJDK 64-Bit Server VM Temurin-21.0.9+10 (21.0.9+10-LTS, mixed mode, sharing, tiered, compressed oops, compressed class ptrs, parallel gc, windows-amd64)
GC Precious Log:
 CardTable entry size: 512
 CPUs: 8 total, 8 available
 Memory: 8040M
 Large Page Support: Disabled
 NUMA Support: Disabled
 Compressed Oops: Enabled (32-bit)
 Alignments: Space 512K, Generation 512K, Heap 2M
 Heap Min Capacity: 100M
 Heap Initial Capacity: 100M
 Heap Max Capacity: 2G
 Pre-touch: Disabled
 Parallel Workers: 8
Heap:
 PSYoungGen      total 7680K, used 5776K [0x00000000d5580000, 0x00000000d5f80000, 0x0000000100000000)
  eden space 7168K, 77% used [0x00000000d5580000,0x00000000d5aec200,0x00000000d5c80000)
  from space 512K, 43% used [0x00000000d5e80000,0x00000000d5eb8000,0x00000000d5f00000)
  to   space 512K, 0% used [0x00000000d5f00000,0x00000000d5f00000,0x00000000d5f80000)
 ParOldGen       total 775680K, used 772971K [0x0000000080000000, 0x00000000af580000, 0x00000000d5580000)
  object space 775680K, 99% used [0x0000000080000000,0x00000000af2dae58,0x00000000af580000)
 Metaspace       used 100224K, committed 102080K, reserved 1179648K
  class space    used 9503K, committed 10432K, reserved 1048576K
GC Heap History (20 events):
Event: 1191.071 GC heap before
{Heap before GC invocations=744 (full 4):
 PSYoungGen      total 6144K, used 6128K [0x00000000d5580000, 0x00000000d6180000, 0x0000000100000000)
  eden space 4096K, 100% used [0x00000000d5580000,0x00000000d5980000,0x00000000d5980000)
  from space 2048K, 99% used [0x00000000d5a00000,0x00000000d5bfc340,0x00000000d5c00000)
  to   space 4096K, 0% used [0x00000000d5d80000,0x00000000d5d80000,0x00000000d6180000)
 ParOldGen       total 644096K, used 602481K [0x0000000080000000, 0x00000000a7500000, 0x00000000d5580000)
  object space 644096K, 93% used [0x0000000080000000,0x00000000a4c5c7e0,0x00000000a7500000)
 Metaspace       used 99979K, committed 101888K, reserved 1179648K
  class space    used 9503K, committed 10432K, reserved 1048576K
}
Event: 1191.074 GC heap after
{Heap after GC invocations=744 (full 4):
 PSYoungGen      total 7168K, used 1723K [0x00000000d5580000, 0x00000000d5f80000, 0x0000000100000000)
  eden space 5120K, 0% used [0x00000000d5580000,0x00000000d5580000,0x00000000d5a80000)
  from space 2048K, 84% used [0x00000000d5d80000,0x00000000d5f2eee8,0x00000000d5f80000)
  to   space 2560K, 0% used [0x00000000d5a80000,0x00000000d5a80000,0x00000000d5d00000)
 ParOldGen       total 644096K, used 604506K [0x0000000080000000, 0x00000000a7500000, 0x00000000d5580000)
  object space 644096K, 93% used [0x0000000080000000,0x00000000a4e56ac8,0x00000000a7500000)
 Metaspace       used 99979K, committed 101888K, reserved 1179648K
  class space    used 9503K, committed 10432K, reserved 1048576K
}
Event: 1191.086 GC heap before
{Heap before GC invocations=745 (full 4):
 PSYoungGen      total 7168K, used 6843K [0x00000000d5580000, 0x00000000d5f80000, 0x0000000100000000)
  eden space 5120K, 100% used [0x00000000d5580000,0x00000000d5a80000,0x00000000d5a80000)
  from space 2048K, 84% used [0x00000000d5d80000,0x00000000d5f2eee8,0x00000000d5f80000)
  to   space 2560K, 0% used [0x00000000d5a80000,0x00000000d5a80000,0x00000000d5d00000)
 ParOldGen       total 644096K, used 604506K [0x0000000080000000, 0x00000000a7500000, 0x00000000d5580000)
  object space 644096K, 93% used [0x0000000080000000,0x00000000a4e56ac8,0x00000000a7500000)
 Metaspace       used 99985K, committed 101888K, reserved 1179648K
  class space    used 9503K, committed 10432K, reserved 1048576K
}
Event: 1191.090 GC heap after
{Heap after GC invocations=745 (full 4):
 PSYoungGen      total 7680K, used 2554K [0x00000000d5580000, 0x00000000d6580000, 0x0000000100000000)
  eden space 5120K, 0% used [0x00000000d5580000,0x00000000d5580000,0x00000000d5a80000)
  from space 2560K, 99% used [0x00000000d5a80000,0x00000000d5cfe840,0x00000000d5d00000)
  to   space 5120K, 0% used [0x00000000d6080000,0x00000000d6080000,0x00000000d6580000)
 ParOldGen       total 644096K, used 606404K [0x0000000080000000, 0x00000000a7500000, 0x00000000d5580000)
  object space 644096K, 94% used [0x0000000080000000,0x00000000a5031280,0x00000000a7500000)
 Metaspace       used 99985K, committed 101888K, reserved 1179648K
  class space    used 9503K, committed 10432K, reserved 1048576K
}
Event: 1191.098 GC heap before
{Heap before GC invocations=746 (full 4):
 PSYoungGen      total 7680K, used 7674K [0x00000000d5580000, 0x00000000d6580000, 0x0000000100000000)
  eden space 5120K, 100% used [0x00000000d5580000,0x00000000d5a80000,0x00000000d5a80000)
  from space 2560K, 99% used [0x00000000d5a80000,0x00000000d5cfe840,0x00000000d5d00000)
  to   space 5120K, 0% used [0x00000000d6080000,0x00000000d6080000,0x00000000d6580000)
 ParOldGen       total 644096K, used 606404K [0x0000000080000000, 0x00000000a7500000, 0x00000000d5580000)
  object space 644096K, 94% used [0x0000000080000000,0x00000000a5031280,0x00000000a7500000)
 Metaspace       used 99985K, committed 101888K, reserved 1179648K
  class space    used 9503K, committed 10432K, reserved 1048576K
}
Event: 1191.102 GC heap after
{Heap after GC invocations=746 (full 4):
 PSYoungGen      total 10752K, used 4960K [0x00000000d5580000, 0x00000000d6680000, 0x0000000100000000)
  eden space 5632K, 0% used [0x00000000d5580000,0x00000000d5580000,0x00000000d5b00000)
  from space 5120K, 96% used [0x00000000d6080000,0x00000000d6558000,0x00000000d6580000)
  to   space 5632K, 0% used [0x00000000d5b00000,0x00000000d5b00000,0x00000000d6080000)
 ParOldGen       total 644096K, used 608993K [0x0000000080000000, 0x00000000a7500000, 0x00000000d5580000)
  object space 644096K, 94% used [0x0000000080000000,0x00000000a52b85a0,0x00000000a7500000)
 Metaspace       used 99985K, committed 101888K, reserved 1179648K
  class space    used 9503K, committed 10432K, reserved 1048576K
}
Event: 1191.113 GC heap before
{Heap before GC invocations=747 (full 4):
 PSYoungGen      total 10752K, used 10592K [0x00000000d5580000, 0x00000000d6680000, 0x0000000100000000)
  eden space 5632K, 100% used [0x00000000d5580000,0x00000000d5b00000,0x00000000d5b00000)
  from space 5120K, 96% used [0x00000000d6080000,0x00000000d6558000,0x00000000d6580000)
  to   space 5632K, 0% used [0x00000000d5b00000,0x00000000d5b00000,0x00000000d6080000)
 ParOldGen       total 644096K, used 608993K [0x0000000080000000, 0x00000000a7500000, 0x00000000d5580000)
  object space 644096K, 94% used [0x0000000080000000,0x00000000a52b85a0,0x00000000a7500000)
 Metaspace       used 99985K, committed 101888K, reserved 1179648K
  class space    used 9503K, committed 10432K, reserved 1048576K
}
Event: 1191.117 GC heap after
{Heap after GC invocations=747 (full 4):
 PSYoungGen      total 11264K, used 2976K [0x00000000d5580000, 0x00000000d6480000, 0x0000000100000000)
  eden space 5632K, 0% used [0x00000000d5580000,0x00000000d5580000,0x00000000d5b00000)
  from space 5632K, 52% used [0x00000000d5b00000,0x00000000d5de8000,0x00000000d6080000)
  to   space 4096K, 0% used [0x00000000d6080000,0x00000000d6080000,0x00000000d6480000)
 ParOldGen       total 644096K, used 613841K [0x0000000080000000, 0x00000000a7500000, 0x00000000d5580000)
  object space 644096K, 95% used [0x0000000080000000,0x00000000a57745a0,0x00000000a7500000)
 Metaspace       used 99985K, committed 101888K, reserved 1179648K
  class space    used 9503K, committed 10432K, reserved 1048576K
}
Event: 1191.140 GC heap before
{Heap before GC invocations=748 (full 4):
 PSYoungGen      total 11264K, used 8608K [0x00000000d5580000, 0x00000000d6480000, 0x0000000100000000)
  eden space 5632K, 100% used [0x00000000d5580000,0x00000000d5b00000,0x00000000d5b00000)
  from space 5632K, 52% used [0x00000000d5b00000,0x00000000d5de8000,0x00000000d6080000)
  to   space 4096K, 0% used [0x00000000d6080000,0x00000000d6080000,0x00000000d6480000)
 ParOldGen       total 644096K, used 613841K [0x0000000080000000, 0x00000000a7500000, 0x00000000d5580000)
  object space 644096K, 95% used [0x0000000080000000,0x00000000a57745a0,0x00000000a7500000)
 Metaspace       used 100004K, committed 101888K, reserved 1179648K
  class space    used 9503K, committed 10432K, reserved 1048576K
}
Event: 1191.143 GC heap after
{Heap after GC invocations=748 (full 4):
 PSYoungGen      total 10752K, used 3232K [0x00000000d5580000, 0x00000000d6400000, 0x0000000100000000)
  eden space 7168K, 0% used [0x00000000d5580000,0x00000000d5580000,0x00000000d5c80000)
  from space 3584K, 90% used [0x00000000d6080000,0x00000000d63a8000,0x00000000d6400000)
  to   space 3584K, 0% used [0x00000000d5d00000,0x00000000d5d00000,0x00000000d6080000)
 ParOldGen       total 644096K, used 615968K [0x0000000080000000, 0x00000000a7500000, 0x00000000d5580000)
  object space 644096K, 95% used [0x0000000080000000,0x00000000a5988038,0x00000000a7500000)
 Metaspace       used 100004K, committed 101888K, reserved 1179648K
  class space    used 9503K, committed 10432K, reserved 1048576K
}
Event: 1191.750 GC heap before
{Heap before GC invocations=749 (full 4):
 PSYoungGen      total 10752K, used 10400K [0x00000000d5580000, 0x00000000d6400000, 0x0000000100000000)
  eden space 7168K, 100% used [0x00000000d5580000,0x00000000d5c80000,0x00000000d5c80000)
  from space 3584K, 90% used [0x00000000d6080000,0x00000000d63a8000,0x00000000d6400000)
  to   space 3584K, 0% used [0x00000000d5d00000,0x00000000d5d00000,0x00000000d6080000)
 ParOldGen       total 679424K, used 677408K [0x0000000080000000, 0x00000000a9780000, 0x00000000d5580000)
  object space 679424K, 99% used [0x0000000080000000,0x00000000a9588098,0x00000000a9780000)
 Metaspace       used 100019K, committed 101888K, reserved 1179648K
  class space    used 9503K, committed 10432K, reserved 1048576K
}
Event: 1191.753 GC heap after
{Heap after GC invocations=749 (full 4):
 PSYoungGen      total 8192K, used 820K [0x00000000d5580000, 0x00000000d6100000, 0x0000000100000000)
  eden space 7168K, 0% used [0x00000000d5580000,0x00000000d5580000,0x00000000d5c80000)
  from space 1024K, 80% used [0x00000000d5d00000,0x00000000d5dcd200,0x00000000d5e00000)
  to   space 2048K, 0% used [0x00000000d5f00000,0x00000000d5f00000,0x00000000d6100000)
 ParOldGen       total 679936K, used 679774K [0x0000000080000000, 0x00000000a9800000, 0x00000000d5580000)
  object space 679936K, 99% used [0x0000000080000000,0x00000000a97d7b68,0x00000000a9800000)
 Metaspace       used 100019K, committed 101888K, reserved 1179648K
  class space    used 9503K, committed 10432K, reserved 1048576K
}
Event: 1196.672 GC heap before
{Heap before GC invocations=750 (full 4):
 PSYoungGen      total 8192K, used 7988K [0x00000000d5580000, 0x00000000d6100000, 0x0000000100000000)
  eden space 7168K, 100% used [0x00000000d5580000,0x00000000d5c80000,0x00000000d5c80000)
  from space 1024K, 80% used [0x00000000d5d00000,0x00000000d5dcd200,0x00000000d5e00000)
  to   space 2048K, 0% used [0x00000000d5f00000,0x00000000d5f00000,0x00000000d6100000)
 ParOldGen       total 679936K, used 679774K [0x0000000080000000, 0x00000000a9800000, 0x00000000d5580000)
  object space 679936K, 99% used [0x0000000080000000,0x00000000a97d7b68,0x00000000a9800000)
 Metaspace       used 100062K, committed 101952K, reserved 1179648K
  class space    used 9503K, committed 10432K, reserved 1048576K
}
Event: 1196.674 GC heap after
{Heap after GC invocations=750 (full 4):
 PSYoungGen      total 7680K, used 384K [0x00000000d5580000, 0x00000000d5f80000, 0x0000000100000000)
  eden space 7168K, 0% used [0x00000000d5580000,0x00000000d5580000,0x00000000d5c80000)
  from space 512K, 75% used [0x00000000d5f00000,0x00000000d5f60000,0x00000000d5f80000)
  to   space 1024K, 0% used [0x00000000d5d80000,0x00000000d5d80000,0x00000000d5e80000)
 ParOldGen       total 680448K, used 680443K [0x0000000080000000, 0x00000000a9880000, 0x00000000d5580000)
  object space 680448K, 99% used [0x0000000080000000,0x00000000a987edb8,0x00000000a9880000)
 Metaspace       used 100062K, committed 101952K, reserved 1179648K
  class space    used 9503K, committed 10432K, reserved 1048576K
}
Event: 1385.455 GC heap before
{Heap before GC invocations=751 (full 4):
 PSYoungGen      total 7680K, used 7552K [0x00000000d5580000, 0x00000000d5f80000, 0x0000000100000000)
  eden space 7168K, 100% used [0x00000000d5580000,0x00000000d5c80000,0x00000000d5c80000)
  from space 512K, 75% used [0x00000000d5f00000,0x00000000d5f60000,0x00000000d5f80000)
  to   space 1024K, 0% used [0x00000000d5d80000,0x00000000d5d80000,0x00000000d5e80000)
 ParOldGen       total 712192K, used 711163K [0x0000000080000000, 0x00000000ab780000, 0x00000000d5580000)
  object space 712192K, 99% used [0x0000000080000000,0x00000000ab67ede8,0x00000000ab780000)
 Metaspace       used 100081K, committed 101952K, reserved 1179648K
  class space    used 9503K, committed 10432K, reserved 1048576K
}
Event: 1385.459 GC heap after
{Heap after GC invocations=751 (full 4):
 PSYoungGen      total 8192K, used 256K [0x00000000d5580000, 0x00000000d5f80000, 0x0000000100000000)
  eden space 7168K, 0% used [0x00000000d5580000,0x00000000d5580000,0x00000000d5c80000)
  from space 1024K, 25% used [0x00000000d5d80000,0x00000000d5dc0000,0x00000000d5e80000)
  to   space 512K, 0% used [0x00000000d5f00000,0x00000000d5f00000,0x00000000d5f80000)
 ParOldGen       total 712192K, used 711403K [0x0000000080000000, 0x00000000ab780000, 0x00000000d5580000)
  object space 712192K, 99% used [0x0000000080000000,0x00000000ab6bade8,0x00000000ab780000)
 Metaspace       used 100081K, committed 101952K, reserved 1179648K
  class space    used 9503K, committed 10432K, reserved 1048576K
}
Event: 1478.795 GC heap before
{Heap before GC invocations=752 (full 4):
 PSYoungGen      total 8192K, used 7419K [0x00000000d5580000, 0x00000000d5f80000, 0x0000000100000000)
  eden space 7168K, 99% used [0x00000000d5580000,0x00000000d5c7ee70,0x00000000d5c80000)
  from space 1024K, 25% used [0x00000000d5d80000,0x00000000d5dc0000,0x00000000d5e80000)
  to   space 512K, 0% used [0x00000000d5f00000,0x00000000d5f00000,0x00000000d5f80000)
 ParOldGen       total 743936K, used 742123K [0x0000000080000000, 0x00000000ad680000, 0x00000000d5580000)
  object space 743936K, 99% used [0x0000000080000000,0x00000000ad4bae18,0x00000000ad680000)
 Metaspace       used 100147K, committed 102016K, reserved 1179648K
  class space    used 9503K, committed 10432K, reserved 1048576K
}
Event: 1478.798 GC heap after
{Heap after GC invocations=752 (full 4):
 PSYoungGen      total 7680K, used 256K [0x00000000d5580000, 0x00000000d5f80000, 0x0000000100000000)
  eden space 7168K, 0% used [0x00000000d5580000,0x00000000d5580000,0x00000000d5c80000)
  from space 512K, 50% used [0x00000000d5f00000,0x00000000d5f40000,0x00000000d5f80000)
  to   space 512K, 0% used [0x00000000d5e80000,0x00000000d5e80000,0x00000000d5f00000)
 ParOldGen       total 743936K, used 742203K [0x0000000080000000, 0x00000000ad680000, 0x00000000d5580000)
  object space 743936K, 99% used [0x0000000080000000,0x00000000ad4cee28,0x00000000ad680000)
 Metaspace       used 100147K, committed 102016K, reserved 1179648K
  class space    used 9503K, committed 10432K, reserved 1048576K
}
Event: 1526.405 GC heap before
{Heap before GC invocations=753 (full 4):
 PSYoungGen      total 7680K, used 7424K [0x00000000d5580000, 0x00000000d5f80000, 0x0000000100000000)
  eden space 7168K, 100% used [0x00000000d5580000,0x00000000d5c80000,0x00000000d5c80000)
  from space 512K, 50% used [0x00000000d5f00000,0x00000000d5f40000,0x00000000d5f80000)
  to   space 512K, 0% used [0x00000000d5e80000,0x00000000d5e80000,0x00000000d5f00000)
 ParOldGen       total 775680K, used 772923K [0x0000000080000000, 0x00000000af580000, 0x00000000d5580000)
  object space 775680K, 99% used [0x0000000080000000,0x00000000af2cee58,0x00000000af580000)
 Metaspace       used 100195K, committed 102080K, reserved 1179648K
  class space    used 9503K, committed 10432K, reserved 1048576K
}
Event: 1526.412 GC heap after
{Heap after GC invocations=753 (full 4):
 PSYoungGen      total 7680K, used 224K [0x00000000d5580000, 0x00000000d5f80000, 0x0000000100000000)
  eden space 7168K, 0% used [0x00000000d5580000,0x00000000d5580000,0x00000000d5c80000)
  from space 512K, 43% used [0x00000000d5e80000,0x00000000d5eb8000,0x00000000d5f00000)
  to   space 512K, 0% used [0x00000000d5f00000,0x00000000d5f00000,0x00000000d5f80000)
 ParOldGen       total 775680K, used 772971K [0x0000000080000000, 0x00000000af580000, 0x00000000d5580000)
  object space 775680K, 99% used [0x0000000080000000,0x00000000af2dae58,0x00000000af580000)
 Metaspace       used 100195K, committed 102080K, reserved 1179648K
  class space    used 9503K, committed 10432K, reserved 1048576K
}

