# JRE version: OpenJDK Runtime Environment Temurin-21.0.10+7 (21.0.10+7) (build 21.0.10+7-LTS)
# Java VM: OpenJDK 64-Bit Server VM Temurin-21.0.10+7 (21.0.10+7-LTS, mixed mode, sharing, tiered, compressed oops, compressed class ptrs, parallel gc, windows-amd64)
GC Precious Log:
 CardTable entry size: 512
 CPUs: 8 total, 8 available
 Memory: 8039M
 Large Page Support: Disabled
 NUMA Support: Disabled
 Compressed Oops: Enabled (32-bit)
 Alignments: Space 512K, Generation 512K, Heap 2M
 Heap Min Capacity: 100M
 Heap Initial Capacity: 100M
 Heap Max Capacity: 2G
 Pre-touch: Disabled
 Parallel Workers: 8
Heap:
 PSYoungGen      total 14848K, used 7355K [0x00000000d5580000, 0x00000000d6600000, 0x0000000100000000)
  eden space 13824K, 49% used [0x00000000d5580000,0x00000000d5c1ef80,0x00000000d6300000)
  from space 1024K, 56% used [0x00000000d6400000,0x00000000d6490000,0x00000000d6500000)
  to   space 1024K, 0% used [0x00000000d6500000,0x00000000d6500000,0x00000000d6600000)
 ParOldGen       total 515584K, used 513519K [0x0000000080000000, 0x000000009f780000, 0x00000000d5580000)
  object space 515584K, 99% used [0x0000000080000000,0x000000009f57bca0,0x000000009f780000)
 Metaspace       used 31336K, committed 32576K, reserved 1114112K
  class space    used 2761K, committed 3264K, reserved 1048576K
GC Heap History (20 events):
Event: 3328.492 GC heap before
{Heap before GC invocations=745 (full 1):
 PSYoungGen      total 15872K, used 15520K [0x00000000d5580000, 0x00000000d6700000, 0x0000000100000000)
  eden space 13824K, 100% used [0x00000000d5580000,0x00000000d6300000,0x00000000d6300000)
  from space 2048K, 82% used [0x00000000d6300000,0x00000000d64a8000,0x00000000d6500000)
  to   space 2048K, 0% used [0x00000000d6500000,0x00000000d6500000,0x00000000d6700000)
 ParOldGen       total 448000K, used 443847K [0x0000000080000000, 0x000000009b580000, 0x00000000d5580000)
  object space 448000K, 99% used [0x0000000080000000,0x000000009b171f30,0x000000009b580000)
 Metaspace       used 30281K, committed 31552K, reserved 1114112K
  class space    used 2655K, committed 3200K, reserved 1048576K
}
Event: 3328.501 GC heap after
{Heap after GC invocations=745 (full 1):
 PSYoungGen      total 15360K, used 1408K [0x00000000d5580000, 0x00000000d6680000, 0x0000000100000000)
  eden space 13824K, 0% used [0x00000000d5580000,0x00000000d5580000,0x00000000d6300000)
  from space 1536K, 91% used [0x00000000d6500000,0x00000000d6660000,0x00000000d6680000)
  to   space 1536K, 0% used [0x00000000d6380000,0x00000000d6380000,0x00000000d6500000)
 ParOldGen       total 448000K, used 445405K [0x0000000080000000, 0x000000009b580000, 0x00000000d5580000)
  object space 448000K, 99% used [0x0000000080000000,0x000000009b2f7700,0x000000009b580000)
 Metaspace       used 30281K, committed 31552K, reserved 1114112K
  class space    used 2655K, committed 3200K, reserved 1048576K
}
Event: 3328.640 GC heap before
{Heap before GC invocations=746 (full 1):
 PSYoungGen      total 15360K, used 15232K [0x00000000d5580000, 0x00000000d6680000, 0x0000000100000000)
  eden space 13824K, 100% used [0x00000000d5580000,0x00000000d6300000,0x00000000d6300000)
  from space 1536K, 91% used [0x00000000d6500000,0x00000000d6660000,0x00000000d6680000)
  to   space 1536K, 0% used [0x00000000d6380000,0x00000000d6380000,0x00000000d6500000)
 ParOldGen       total 448000K, used 445405K [0x0000000080000000, 0x000000009b580000, 0x00000000d5580000)
  object space 448000K, 99% used [0x0000000080000000,0x000000009b2f7700,0x000000009b580000)
 Metaspace       used 30382K, committed 31680K, reserved 1114112K
  class space    used 2669K, committed 3200K, reserved 1048576K
}
Event: 3328.646 GC heap after
{Heap after GC invocations=746 (full 1):
 PSYoungGen      total 14848K, used 864K [0x00000000d5580000, 0x00000000d6600000, 0x0000000100000000)
  eden space 13824K, 0% used [0x00000000d5580000,0x00000000d5580000,0x00000000d6300000)
  from space 1024K, 84% used [0x00000000d6380000,0x00000000d6458020,0x00000000d6480000)
  to   space 1536K, 0% used [0x00000000d6480000,0x00000000d6480000,0x00000000d6600000)
 ParOldGen       total 448000K, used 446357K [0x0000000080000000, 0x000000009b580000, 0x00000000d5580000)
  object space 448000K, 99% used [0x0000000080000000,0x000000009b3e5700,0x000000009b580000)
 Metaspace       used 30382K, committed 31680K, reserved 1114112K
  class space    used 2669K, committed 3200K, reserved 1048576K
}
Event: 3329.927 GC heap before
{Heap before GC invocations=747 (full 1):
 PSYoungGen      total 14848K, used 14688K [0x00000000d5580000, 0x00000000d6600000, 0x0000000100000000)
  eden space 13824K, 100% used [0x00000000d5580000,0x00000000d6300000,0x00000000d6300000)
  from space 1024K, 84% used [0x00000000d6380000,0x00000000d6458020,0x00000000d6480000)
  to   space 1536K, 0% used [0x00000000d6480000,0x00000000d6480000,0x00000000d6600000)
 ParOldGen       total 448000K, used 446357K [0x0000000080000000, 0x000000009b580000, 0x00000000d5580000)
  object space 448000K, 99% used [0x0000000080000000,0x000000009b3e5700,0x000000009b580000)
 Metaspace       used 30442K, committed 31680K, reserved 1114112K
  class space    used 2680K, committed 3200K, reserved 1048576K
}
Event: 3329.933 GC heap after
{Heap after GC invocations=747 (full 1):
 PSYoungGen      total 15360K, used 1312K [0x00000000d5580000, 0x00000000d6600000, 0x0000000100000000)
  eden space 13824K, 0% used [0x00000000d5580000,0x00000000d5580000,0x00000000d6300000)
  from space 1536K, 85% used [0x00000000d6480000,0x00000000d65c8000,0x00000000d6600000)
  to   space 1536K, 0% used [0x00000000d6300000,0x00000000d6300000,0x00000000d6480000)
 ParOldGen       total 448000K, used 447075K [0x0000000080000000, 0x000000009b580000, 0x00000000d5580000)
  object space 448000K, 99% used [0x0000000080000000,0x000000009b498ed0,0x000000009b580000)
 Metaspace       used 30442K, committed 31680K, reserved 1114112K
  class space    used 2680K, committed 3200K, reserved 1048576K
}
Event: 3330.687 GC heap before
{Heap before GC invocations=748 (full 1):
 PSYoungGen      total 15360K, used 15124K [0x00000000d5580000, 0x00000000d6600000, 0x0000000100000000)
  eden space 13824K, 99% used [0x00000000d5580000,0x00000000d62fd2c0,0x00000000d6300000)
  from space 1536K, 85% used [0x00000000d6480000,0x00000000d65c8000,0x00000000d6600000)
  to   space 1536K, 0% used [0x00000000d6300000,0x00000000d6300000,0x00000000d6480000)
 ParOldGen       total 448000K, used 447075K [0x0000000080000000, 0x000000009b580000, 0x00000000d5580000)
  object space 448000K, 99% used [0x0000000080000000,0x000000009b498ed0,0x000000009b580000)
 Metaspace       used 30763K, committed 32000K, reserved 1114112K
  class space    used 2713K, committed 3200K, reserved 1048576K
}
Event: 3330.692 GC heap after
{Heap after GC invocations=748 (full 1):
 PSYoungGen      total 15360K, used 1305K [0x00000000d5580000, 0x00000000d6600000, 0x0000000100000000)
  eden space 13824K, 0% used [0x00000000d5580000,0x00000000d5580000,0x00000000d6300000)
  from space 1536K, 85% used [0x00000000d6300000,0x00000000d64466f0,0x00000000d6480000)
  to   space 1536K, 0% used [0x00000000d6480000,0x00000000d6480000,0x00000000d6600000)
 ParOldGen       total 448000K, used 447995K [0x0000000080000000, 0x000000009b580000, 0x00000000d5580000)
  object space 448000K, 99% used [0x0000000080000000,0x000000009b57eed0,0x000000009b580000)
 Metaspace       used 30763K, committed 32000K, reserved 1114112K
  class space    used 2713K, committed 3200K, reserved 1048576K
}
Event: 3330.893 GC heap before
{Heap before GC invocations=749 (full 1):
 PSYoungGen      total 15360K, used 15129K [0x00000000d5580000, 0x00000000d6600000, 0x0000000100000000)
  eden space 13824K, 100% used [0x00000000d5580000,0x00000000d6300000,0x00000000d6300000)
  from space 1536K, 85% used [0x00000000d6300000,0x00000000d64466f0,0x00000000d6480000)
  to   space 1536K, 0% used [0x00000000d6480000,0x00000000d6480000,0x00000000d6600000)
 ParOldGen       total 448000K, used 447995K [0x0000000080000000, 0x000000009b580000, 0x00000000d5580000)
  object space 448000K, 99% used [0x0000000080000000,0x000000009b57eed0,0x000000009b580000)
 Metaspace       used 30775K, committed 32000K, reserved 1114112K
  class space    used 2713K, committed 3200K, reserved 1048576K
}
Event: 3330.896 GC heap after
{Heap after GC invocations=749 (full 1):
 PSYoungGen      total 15360K, used 1120K [0x00000000d5580000, 0x00000000d6600000, 0x0000000100000000)
  eden space 13824K, 0% used [0x00000000d5580000,0x00000000d5580000,0x00000000d6300000)
  from space 1536K, 72% used [0x00000000d6480000,0x00000000d6598000,0x00000000d6600000)
  to   space 1536K, 0% used [0x00000000d6300000,0x00000000d6300000,0x00000000d6480000)
 ParOldGen       total 449536K, used 449168K [0x0000000080000000, 0x000000009b700000, 0x00000000d5580000)
  object space 449536K, 99% used [0x0000000080000000,0x000000009b6a4198,0x000000009b700000)
 Metaspace       used 30775K, committed 32000K, reserved 1114112K
  class space    used 2713K, committed 3200K, reserved 1048576K
}
Event: 3331.164 GC heap before
{Heap before GC invocations=750 (full 1):
 PSYoungGen      total 15360K, used 14944K [0x00000000d5580000, 0x00000000d6600000, 0x0000000100000000)
  eden space 13824K, 100% used [0x00000000d5580000,0x00000000d6300000,0x00000000d6300000)
  from space 1536K, 72% used [0x00000000d6480000,0x00000000d6598000,0x00000000d6600000)
  to   space 1536K, 0% used [0x00000000d6300000,0x00000000d6300000,0x00000000d6480000)
 ParOldGen       total 449536K, used 449168K [0x0000000080000000, 0x000000009b700000, 0x00000000d5580000)
  object space 449536K, 99% used [0x0000000080000000,0x000000009b6a4198,0x000000009b700000)
 Metaspace       used 30785K, committed 32000K, reserved 1114112K
  class space    used 2713K, committed 3200K, reserved 1048576K
}
Event: 3331.167 GC heap after
{Heap after GC invocations=750 (full 1):
 PSYoungGen      total 15360K, used 1536K [0x00000000d5580000, 0x00000000d6800000, 0x0000000100000000)
  eden space 13824K, 0% used [0x00000000d5580000,0x00000000d5580000,0x00000000d6300000)
  from space 1536K, 100% used [0x00000000d6300000,0x00000000d6480000,0x00000000d6480000)
  to   space 2560K, 0% used [0x00000000d6580000,0x00000000d6580000,0x00000000d6800000)
 ParOldGen       total 450048K, used 449776K [0x0000000080000000, 0x000000009b780000, 0x00000000d5580000)
  object space 450048K, 99% used [0x0000000080000000,0x000000009b73c198,0x000000009b780000)
 Metaspace       used 30785K, committed 32000K, reserved 1114112K
  class space    used 2713K, committed 3200K, reserved 1048576K
}
Event: 3331.320 GC heap before
{Heap before GC invocations=751 (full 1):
 PSYoungGen      total 15360K, used 15360K [0x00000000d5580000, 0x00000000d6800000, 0x0000000100000000)
  eden space 13824K, 100% used [0x00000000d5580000,0x00000000d6300000,0x00000000d6300000)
  from space 1536K, 100% used [0x00000000d6300000,0x00000000d6480000,0x00000000d6480000)
  to   space 2560K, 0% used [0x00000000d6580000,0x00000000d6580000,0x00000000d6800000)
 ParOldGen       total 450048K, used 449776K [0x0000000080000000, 0x000000009b780000, 0x00000000d5580000)
  object space 450048K, 99% used [0x0000000080000000,0x000000009b73c198,0x000000009b780000)
 Metaspace       used 30790K, committed 32000K, reserved 1114112K
  class space    used 2713K, committed 3200K, reserved 1048576K
}
Event: 3331.321 GC heap after
{Heap after GC invocations=751 (full 1):
 PSYoungGen      total 14848K, used 992K [0x00000000d5580000, 0x00000000d6680000, 0x0000000100000000)
  eden space 13824K, 0% used [0x00000000d5580000,0x00000000d5580000,0x00000000d6300000)
  from space 1024K, 96% used [0x00000000d6580000,0x00000000d6678000,0x00000000d6680000)
  to   space 1536K, 0% used [0x00000000d6380000,0x00000000d6380000,0x00000000d6500000)
 ParOldGen       total 451072K, used 450632K [0x0000000080000000, 0x000000009b880000, 0x00000000d5580000)
  object space 451072K, 99% used [0x0000000080000000,0x000000009b812198,0x000000009b880000)
 Metaspace       used 30790K, committed 32000K, reserved 1114112K
  class space    used 2713K, committed 3200K, reserved 1048576K
}
Event: 3332.986 GC heap before
{Heap before GC invocations=752 (full 1):
 PSYoungGen      total 14848K, used 14789K [0x00000000d5580000, 0x00000000d6680000, 0x0000000100000000)
  eden space 13824K, 99% used [0x00000000d5580000,0x00000000d62f9558,0x00000000d6300000)
  from space 1024K, 96% used [0x00000000d6580000,0x00000000d6678000,0x00000000d6680000)
  to   space 1536K, 0% used [0x00000000d6380000,0x00000000d6380000,0x00000000d6500000)
 ParOldGen       total 451072K, used 450632K [0x0000000080000000, 0x000000009b880000, 0x00000000d5580000)
  object space 451072K, 99% used [0x0000000080000000,0x000000009b812198,0x000000009b880000)
 Metaspace       used 30864K, committed 32128K, reserved 1114112K
  class space    used 2723K, committed 3264K, reserved 1048576K
}
Event: 3332.988 GC heap after
{Heap after GC invocations=752 (full 1):
 PSYoungGen      total 15360K, used 1512K [0x00000000d5580000, 0x00000000d6800000, 0x0000000100000000)
  eden space 13824K, 0% used [0x00000000d5580000,0x00000000d5580000,0x00000000d6300000)
  from space 1536K, 98% used [0x00000000d6380000,0x00000000d64fa108,0x00000000d6500000)
  to   space 2560K, 0% used [0x00000000d6580000,0x00000000d6580000,0x00000000d6800000)
 ParOldGen       total 451584K, used 451303K [0x0000000080000000, 0x000000009b900000, 0x00000000d5580000)
  object space 451584K, 99% used [0x0000000080000000,0x000000009b8b9c30,0x000000009b900000)
 Metaspace       used 30864K, committed 32128K, reserved 1114112K
  class space    used 2723K, committed 3264K, reserved 1048576K
}
Event: 3337.086 GC heap before
{Heap before GC invocations=753 (full 1):
 PSYoungGen      total 15360K, used 15237K [0x00000000d5580000, 0x00000000d6800000, 0x0000000100000000)
  eden space 13824K, 99% used [0x00000000d5580000,0x00000000d62e7470,0x00000000d6300000)
  from space 1536K, 98% used [0x00000000d6380000,0x00000000d64fa108,0x00000000d6500000)
  to   space 2560K, 0% used [0x00000000d6580000,0x00000000d6580000,0x00000000d6800000)
 ParOldGen       total 451584K, used 451303K [0x0000000080000000, 0x000000009b900000, 0x00000000d5580000)
  object space 451584K, 99% used [0x0000000080000000,0x000000009b8b9c30,0x000000009b900000)
 Metaspace       used 30875K, committed 32128K, reserved 1114112K
  class space    used 2725K, committed 3264K, reserved 1048576K
}
Event: 3337.089 GC heap after
{Heap after GC invocations=753 (full 1):
 PSYoungGen      total 14336K, used 224K [0x00000000d5580000, 0x00000000d6600000, 0x0000000100000000)
  eden space 13824K, 0% used [0x00000000d5580000,0x00000000d5580000,0x00000000d6300000)
  from space 512K, 43% used [0x00000000d6580000,0x00000000d65b8000,0x00000000d6600000)
  to   space 1024K, 0% used [0x00000000d6400000,0x00000000d6400000,0x00000000d6500000)
 ParOldGen       total 452096K, used 451991K [0x0000000080000000, 0x000000009b980000, 0x00000000d5580000)
  object space 452096K, 99% used [0x0000000080000000,0x000000009b965c40,0x000000009b980000)
 Metaspace       used 30875K, committed 32128K, reserved 1114112K
  class space    used 2725K, committed 3264K, reserved 1048576K
}
Event: 3338.456 GC heap before
{Heap before GC invocations=754 (full 1):
 PSYoungGen      total 14336K, used 14048K [0x00000000d5580000, 0x00000000d6600000, 0x0000000100000000)
  eden space 13824K, 100% used [0x00000000d5580000,0x00000000d6300000,0x00000000d6300000)
  from space 512K, 43% used [0x00000000d6580000,0x00000000d65b8000,0x00000000d6600000)
  to   space 1024K, 0% used [0x00000000d6400000,0x00000000d6400000,0x00000000d6500000)
 ParOldGen       total 515584K, used 513431K [0x0000000080000000, 0x000000009f780000, 0x00000000d5580000)
  object space 515584K, 99% used [0x0000000080000000,0x000000009f565ca0,0x000000009f780000)
 Metaspace       used 31262K, committed 32512K, reserved 1114112K
  class space    used 2761K, committed 3264K, reserved 1048576K
}
Event: 3338.458 GC heap after
{Heap after GC invocations=754 (full 1):
 PSYoungGen      total 14848K, used 576K [0x00000000d5580000, 0x00000000d6600000, 0x0000000100000000)
  eden space 13824K, 0% used [0x00000000d5580000,0x00000000d5580000,0x00000000d6300000)
  from space 1024K, 56% used [0x00000000d6400000,0x00000000d6490000,0x00000000d6500000)
  to   space 1024K, 0% used [0x00000000d6500000,0x00000000d6500000,0x00000000d6600000)
 ParOldGen       total 515584K, used 513519K [0x0000000080000000, 0x000000009f780000, 0x00000000d5580000)
  object space 515584K, 99% used [0x0000000080000000,0x000000009f57bca0,0x000000009f780000)
 Metaspace       used 31262K, committed 32512K, reserved 1114112K
  class space    used 2761K, committed 3264K, reserved 1048576K
}

